  [1m[36m (1.4ms)[0m  [1mCREATE TABLE "schema_migrations" ("version" varchar NOT NULL) [0m
  [1m[35m (0.1ms)[0m  select sqlite_version(*)
  [1m[36m (1.1ms)[0m  [1mCREATE UNIQUE INDEX "unique_schema_migrations" ON "schema_migrations" ("version")[0m
  [1m[35mActiveRecord::SchemaMigration Load (0.1ms)[0m  SELECT "schema_migrations".* FROM "schema_migrations"


Started GET "/" for ::1 at 2015-11-16 16:12:00 -0600
Processing by Rails::WelcomeController#index as HTML
  Rendered /Users/admin/.rvm/gems/ruby-2.1.2/gems/railties-4.2.3/lib/rails/templates/rails/welcome/index.html.erb (1.9ms)
Completed 200 OK in 48ms (Views: 36.7ms | ActiveRecord: 0.0ms)
Started GET "/" for ::1 at 2020-10-29 09:25:11 -0700
Processing by Rails::WelcomeController#index as HTML
  Parameters: {"internal"=>true}
  Rendering /Users/leon.s.kennedy/.rvm/gems/ruby-2.6.1/gems/railties-5.0.7.1/lib/rails/templates/rails/welcome/index.html.erb
  Rendered /Users/leon.s.kennedy/.rvm/gems/ruby-2.6.1/gems/railties-5.0.7.1/lib/rails/templates/rails/welcome/index.html.erb (8.5ms)
Completed 200 OK in 55ms (Views: 24.1ms | ActiveRecord: 0.0ms)


Started GET "/hello_world" for ::1 at 2020-10-29 09:32:58 -0700
  
SyntaxError (/Users/leon.s.kennedy/Flatiron/code/rails-hello-world-lab-onl01-seng-pt-070620/config/routes.rb:3: syntax error, unexpected tSTRING_BEG, expecting do or '{' or '('
  get 'hello_world', to 'static#hello_world'
                        ^):
  
config/routes.rb:3: syntax error, unexpected tSTRING_BEG, expecting do or '{' or '('
  Rendering /Users/leon.s.kennedy/.rvm/gems/ruby-2.6.1/gems/actionpack-5.0.7.1/lib/action_dispatch/middleware/templates/rescues/diagnostics.html.erb within rescues/layout
  Rendering /Users/leon.s.kennedy/.rvm/gems/ruby-2.6.1/gems/actionpack-5.0.7.1/lib/action_dispatch/middleware/templates/rescues/_source.html.erb
  Rendered /Users/leon.s.kennedy/.rvm/gems/ruby-2.6.1/gems/actionpack-5.0.7.1/lib/action_dispatch/middleware/templates/rescues/_source.html.erb (6.9ms)
  Rendering /Users/leon.s.kennedy/.rvm/gems/ruby-2.6.1/gems/actionpack-5.0.7.1/lib/action_dispatch/middleware/templates/rescues/_trace.html.erb
  Rendered /Users/leon.s.kennedy/.rvm/gems/ruby-2.6.1/gems/actionpack-5.0.7.1/lib/action_dispatch/middleware/templates/rescues/_trace.html.erb (6.1ms)
  Rendering /Users/leon.s.kennedy/.rvm/gems/ruby-2.6.1/gems/actionpack-5.0.7.1/lib/action_dispatch/middleware/templates/rescues/_request_and_response.html.erb
  Rendered /Users/leon.s.kennedy/.rvm/gems/ruby-2.6.1/gems/actionpack-5.0.7.1/lib/action_dispatch/middleware/templates/rescues/_request_and_response.html.erb (4.1ms)
  Rendered /Users/leon.s.kennedy/.rvm/gems/ruby-2.6.1/gems/actionpack-5.0.7.1/lib/action_dispatch/middleware/templates/rescues/diagnostics.html.erb within rescues/layout (74.7ms)
Started GET "/hello_world" for ::1 at 2020-10-29 09:33:42 -0700
Processing by StaticController#hello_world as HTML
  Rendering static/greeting.erb within layouts/application
  Rendered static/greeting.erb within layouts/application (0.4ms)
Completed 200 OK in 481ms (Views: 480.8ms | ActiveRecord: 0.0ms)


Started GET "/hello_world" for ::1 at 2020-10-29 09:34:28 -0700
Processing by StaticController#hello_world as HTML
  Rendering static/hello_world.html.erb within layouts/application
  Rendered static/hello_world.html.erb within layouts/application (0.5ms)
Completed 200 OK in 53ms (Views: 44.2ms | ActiveRecord: 0.0ms)


Started GET "/hello_world" for ::1 at 2020-10-29 09:34:30 -0700
Processing by StaticController#hello_world as HTML
  Rendering static/hello_world.html.erb within layouts/application
  Rendered static/hello_world.html.erb within layouts/application (0.5ms)
Completed 200 OK in 56ms (Views: 54.6ms | ActiveRecord: 0.0ms)


Started GET "/hello_world" for ::1 at 2020-10-29 09:34:49 -0700
Processing by StaticController#hello_world as HTML
  Rendering static/greeting.erb within layouts/application
  Rendered static/greeting.erb within layouts/application (1.6ms)
Completed 200 OK in 56ms (Views: 54.8ms | ActiveRecord: 0.0ms)


